================================================================================
HPLinpack 2.3  --  High-Performance Linpack benchmark  --   December 2, 2018
Written by A. Petitet and R. Clint Whaley,  Innovative Computing Laboratory, UTK
Modified by Piotr Luszczek, Innovative Computing Laboratory, UTK
Modified by Julien Langou, University of Colorado Denver
================================================================================

An explanation of the input/output parameters follows:
T/V    : Wall time / encoded variant.
N      : The order of the coefficient matrix A.
NB     : The partitioning blocking factor.
P      : The number of process rows.
Q      : The number of process columns.
Time   : Time in seconds to solve the linear system.
Gflops : Rate of execution for solving the linear system.

The following parameter values will be used:

N      :   40000 
NB     :     256 
PMAP   : Row-major process mapping
P      :       1 
Q      :       8 
PFACT  :   Right 
NBMIN  :       4 
NDIV   :       2 
RFACT  :   Crout 
BCAST  :  1ringM 
DEPTH  :       1 
SWAP   : Mix (threshold = 64)
L1     : transposed form
U      : transposed form
EQUIL  : yes
ALIGN  : 8 double precision words

--------------------------------------------------------------------------------

- The matrix A is randomly generated for each test.
- The following scaled residual check will be computed:
      ||Ax-b||_oo / ( eps * ( || x ||_oo * || A ||_oo + || b ||_oo ) * N )
- The relative machine precision (eps) is taken to be               1.110223e-16
- Computational tests pass if scaled residuals are less than                16.0

Column=000000256 Fraction= 0.6% Gflops=9.611e+03
Column=000000512 Fraction= 1.3% Gflops=2.692e+02
Column=000000768 Fraction= 1.9% Gflops=2.301e+02
Column=000001024 Fraction= 2.6% Gflops=2.257e+02
Column=000001280 Fraction= 3.2% Gflops=2.179e+02
Column=000001536 Fraction= 3.8% Gflops=1.999e+02
Column=000001792 Fraction= 4.5% Gflops=1.931e+02
Column=000002048 Fraction= 5.1% Gflops=2.009e+02
Column=000002304 Fraction= 5.8% Gflops=1.953e+02
Column=000002560 Fraction= 6.4% Gflops=2.051e+02
Column=000002816 Fraction= 7.0% Gflops=2.093e+02
Column=000003072 Fraction= 7.7% Gflops=2.020e+02
Column=000003328 Fraction= 8.3% Gflops=2.017e+02
Column=000003584 Fraction= 9.0% Gflops=2.002e+02
Column=000003840 Fraction= 9.6% Gflops=2.024e+02
Column=000004096 Fraction=10.2% Gflops=2.106e+02
Column=000004352 Fraction=10.9% Gflops=2.113e+02
Column=000004608 Fraction=11.5% Gflops=2.152e+02
Column=000004864 Fraction=12.2% Gflops=2.152e+02
Column=000005120 Fraction=12.8% Gflops=2.189e+02
Column=000005376 Fraction=13.4% Gflops=2.213e+02
Column=000005632 Fraction=14.1% Gflops=2.236e+02
Column=000005888 Fraction=14.7% Gflops=2.246e+02
Column=000006144 Fraction=15.4% Gflops=2.253e+02
Column=000006400 Fraction=16.0% Gflops=2.287e+02
Column=000006656 Fraction=16.6% Gflops=2.329e+02
Column=000006912 Fraction=17.3% Gflops=2.311e+02
Column=000007168 Fraction=17.9% Gflops=2.306e+02
Column=000007424 Fraction=18.6% Gflops=2.328e+02
Column=000007680 Fraction=19.2% Gflops=2.334e+02
Column=000007936 Fraction=19.8% Gflops=2.346e+02
Column=000008192 Fraction=20.5% Gflops=2.364e+02
Column=000008448 Fraction=21.1% Gflops=2.349e+02
Column=000008704 Fraction=21.8% Gflops=2.365e+02
Column=000008960 Fraction=22.4% Gflops=2.370e+02
Column=000009216 Fraction=23.0% Gflops=2.367e+02
Column=000009472 Fraction=23.7% Gflops=2.372e+02
Column=000009728 Fraction=24.3% Gflops=2.398e+02
Column=000009984 Fraction=25.0% Gflops=2.429e+02
Column=000010240 Fraction=25.6% Gflops=2.447e+02
Column=000010496 Fraction=26.2% Gflops=2.433e+02
Column=000010752 Fraction=26.9% Gflops=2.460e+02
Column=000011008 Fraction=27.5% Gflops=2.471e+02
Column=000011264 Fraction=28.2% Gflops=2.484e+02
Column=000011520 Fraction=28.8% Gflops=2.491e+02
Column=000011776 Fraction=29.4% Gflops=2.485e+02
Column=000012032 Fraction=30.1% Gflops=2.496e+02
Column=000012288 Fraction=30.7% Gflops=2.518e+02
Column=000012544 Fraction=31.4% Gflops=2.500e+02
Column=000012800 Fraction=32.0% Gflops=2.508e+02
Column=000013056 Fraction=32.6% Gflops=2.523e+02
Column=000013312 Fraction=33.3% Gflops=2.539e+02
Column=000013568 Fraction=33.9% Gflops=2.554e+02
Column=000013824 Fraction=34.6% Gflops=2.555e+02
Column=000014080 Fraction=35.2% Gflops=2.563e+02
Column=000014336 Fraction=35.8% Gflops=2.579e+02
Column=000014592 Fraction=36.5% Gflops=2.579e+02
Column=000014848 Fraction=37.1% Gflops=2.581e+02
Column=000015104 Fraction=37.8% Gflops=2.580e+02
Column=000015360 Fraction=38.4% Gflops=2.584e+02
Column=000015616 Fraction=39.0% Gflops=2.597e+02
Column=000015872 Fraction=39.7% Gflops=2.605e+02
Column=000016128 Fraction=40.3% Gflops=2.609e+02
Column=000016384 Fraction=41.0% Gflops=2.603e+02
Column=000016640 Fraction=41.6% Gflops=2.603e+02
Column=000016896 Fraction=42.2% Gflops=2.610e+02
Column=000017152 Fraction=42.9% Gflops=2.618e+02
Column=000017408 Fraction=43.5% Gflops=2.623e+02
Column=000017664 Fraction=44.2% Gflops=2.624e+02
Column=000017920 Fraction=44.8% Gflops=2.627e+02
Column=000018176 Fraction=45.4% Gflops=2.632e+02
Column=000018432 Fraction=46.1% Gflops=2.641e+02
Column=000018688 Fraction=46.7% Gflops=2.618e+02
Column=000018944 Fraction=47.4% Gflops=2.617e+02
Column=000019200 Fraction=48.0% Gflops=2.627e+02
Column=000019456 Fraction=48.6% Gflops=2.637e+02
Column=000019712 Fraction=49.3% Gflops=2.644e+02
Column=000019968 Fraction=49.9% Gflops=2.640e+02
Column=000020224 Fraction=50.6% Gflops=2.638e+02
Column=000020480 Fraction=51.2% Gflops=2.643e+02
Column=000020736 Fraction=51.8% Gflops=2.642e+02
Column=000020992 Fraction=52.5% Gflops=2.650e+02
Column=000021248 Fraction=53.1% Gflops=2.653e+02
Column=000021504 Fraction=53.8% Gflops=2.655e+02
Column=000021760 Fraction=54.4% Gflops=2.661e+02
Column=000022016 Fraction=55.0% Gflops=2.656e+02
Column=000022272 Fraction=55.7% Gflops=2.656e+02
Column=000022528 Fraction=56.3% Gflops=2.665e+02
Column=000022784 Fraction=57.0% Gflops=2.654e+02
Column=000023040 Fraction=57.6% Gflops=2.657e+02
Column=000023296 Fraction=58.2% Gflops=2.658e+02
Column=000023552 Fraction=58.9% Gflops=2.659e+02
Column=000023808 Fraction=59.5% Gflops=2.659e+02
Column=000024064 Fraction=60.2% Gflops=2.656e+02
Column=000024320 Fraction=60.8% Gflops=2.661e+02
Column=000024576 Fraction=61.4% Gflops=2.666e+02
Column=000024832 Fraction=62.1% Gflops=2.667e+02
Column=000025088 Fraction=62.7% Gflops=2.659e+02
Column=000025344 Fraction=63.4% Gflops=2.661e+02
Column=000025600 Fraction=64.0% Gflops=2.661e+02
Column=000025856 Fraction=64.6% Gflops=2.664e+02
Column=000026112 Fraction=65.3% Gflops=2.664e+02
Column=000026368 Fraction=65.9% Gflops=2.663e+02
Column=000026624 Fraction=66.6% Gflops=2.661e+02
Column=000026880 Fraction=67.2% Gflops=2.657e+02
Column=000027136 Fraction=67.8% Gflops=2.661e+02
Column=000027392 Fraction=68.5% Gflops=2.663e+02
Column=000027648 Fraction=69.1% Gflops=2.663e+02
Column=000027904 Fraction=69.8% Gflops=2.662e+02
Column=000028160 Fraction=70.4% Gflops=2.661e+02
Column=000028416 Fraction=71.0% Gflops=2.660e+02
Column=000028672 Fraction=71.7% Gflops=2.663e+02
Column=000028928 Fraction=72.3% Gflops=2.663e+02
Column=000029184 Fraction=73.0% Gflops=2.660e+02
Column=000029440 Fraction=73.6% Gflops=2.659e+02
Column=000029696 Fraction=74.2% Gflops=2.658e+02
Column=000029952 Fraction=74.9% Gflops=2.657e+02
Column=000030208 Fraction=75.5% Gflops=2.659e+02
Column=000030464 Fraction=76.2% Gflops=2.657e+02
Column=000030720 Fraction=76.8% Gflops=2.656e+02
Column=000030976 Fraction=77.4% Gflops=2.655e+02
Column=000031232 Fraction=78.1% Gflops=2.654e+02
Column=000031488 Fraction=78.7% Gflops=2.654e+02
Column=000031744 Fraction=79.4% Gflops=2.653e+02
Column=000032000 Fraction=80.0% Gflops=2.652e+02
Column=000032256 Fraction=80.6% Gflops=2.651e+02
Column=000032512 Fraction=81.3% Gflops=2.651e+02
Column=000032768 Fraction=81.9% Gflops=2.652e+02
Column=000033024 Fraction=82.6% Gflops=2.650e+02
Column=000033280 Fraction=83.2% Gflops=2.648e+02
Column=000033536 Fraction=83.8% Gflops=2.646e+02
Column=000033792 Fraction=84.5% Gflops=2.645e+02
Column=000034048 Fraction=85.1% Gflops=2.645e+02
Column=000034304 Fraction=85.8% Gflops=2.644e+02
Column=000034560 Fraction=86.4% Gflops=2.643e+02
Column=000034816 Fraction=87.0% Gflops=2.642e+02
Column=000035072 Fraction=87.7% Gflops=2.641e+02
Column=000035328 Fraction=88.3% Gflops=2.641e+02
Column=000035584 Fraction=89.0% Gflops=2.641e+02
Column=000035840 Fraction=89.6% Gflops=2.640e+02
Column=000036096 Fraction=90.2% Gflops=2.639e+02
Column=000036352 Fraction=90.9% Gflops=2.639e+02
Column=000036608 Fraction=91.5% Gflops=2.638e+02
Column=000036864 Fraction=92.2% Gflops=2.638e+02
Column=000037120 Fraction=92.8% Gflops=2.638e+02
Column=000037376 Fraction=93.4% Gflops=2.637e+02
Column=000037632 Fraction=94.1% Gflops=2.637e+02
Column=000037888 Fraction=94.7% Gflops=2.637e+02
Column=000038144 Fraction=95.4% Gflops=2.637e+02
Column=000038400 Fraction=96.0% Gflops=2.637e+02
Column=000038656 Fraction=96.6% Gflops=2.637e+02
Column=000038912 Fraction=97.3% Gflops=2.637e+02
Column=000039168 Fraction=97.9% Gflops=2.637e+02
Column=000039424 Fraction=98.6% Gflops=2.636e+02
Column=000039680 Fraction=99.2% Gflops=2.636e+02
Column=000039936 Fraction=99.8% Gflops=2.636e+02
================================================================================
T/V                N    NB     P     Q               Time                 Gflops
--------------------------------------------------------------------------------
WR11C2R4       40000   256     1     8             162.55             2.6250e+02
HPL_pdgesv() start time Wed Jul  8 14:37:52 2026

HPL_pdgesv() end time   Wed Jul  8 14:40:34 2026

--VVV--VVV--VVV--VVV--VVV--VVV--VVV--VVV--VVV--VVV--VVV--VVV--VVV--VVV--VVV-
Max aggregated wall time rfact . . . :               1.80
+ Max aggregated wall time pfact . . :               0.98
+ Max aggregated wall time mxswp . . :               0.05
Max aggregated wall time update  . . :             160.11
+ Max aggregated wall time laswp . . :              45.98
Max aggregated wall time up tr sv  . :               0.71
--------------------------------------------------------------------------------
||Ax-b||_oo/(eps*(||A||_oo*||x||_oo+||b||_oo)*N)=   2.63742210e-03 ...... PASSED
================================================================================

Finished      1 tests with the following results:
              1 tests completed and passed residual checks,
              0 tests completed and failed residual checks,
              0 tests skipped because of illegal input values.
--------------------------------------------------------------------------------

End of Tests.
================================================================================
