================================================================================
HPLinpack 2.3  --  High-Performance Linpack benchmark  --   December 2, 2018
Written by A. Petitet and R. Clint Whaley,  Innovative Computing Laboratory, UTK
Modified by Piotr Luszczek, Innovative Computing Laboratory, UTK
Modified by Julien Langou, University of Colorado Denver
================================================================================

An explanation of the input/output parameters follows:
T/V    : Wall time / encoded variant.
N      : The order of the coefficient matrix A.
NB     : The partitioning blocking factor.
P      : The number of process rows.
Q      : The number of process columns.
Time   : Time in seconds to solve the linear system.
Gflops : Rate of execution for solving the linear system.

The following parameter values will be used:

N      :   20000 
NB     :     256 
PMAP   : Row-major process mapping
P      :       1        2        3 
Q      :       6        3        2 
PFACT  :   Right 
NBMIN  :       4 
NDIV   :       2 
RFACT  :   Crout 
BCAST  :  1ringM 
DEPTH  :       1 
SWAP   : Mix (threshold = 64)
L1     : transposed form
U      : transposed form
EQUIL  : yes
ALIGN  : 8 double precision words

--------------------------------------------------------------------------------

- The matrix A is randomly generated for each test.
- The following scaled residual check will be computed:
      ||Ax-b||_oo / ( eps * ( || x ||_oo * || A ||_oo + || b ||_oo ) * N )
- The relative machine precision (eps) is taken to be               1.110223e-16
- Computational tests pass if scaled residuals are less than                16.0

Column=000000256 Fraction= 1.3% Gflops=4.689e+03
Column=000000512 Fraction= 2.6% Gflops=8.801e+02
Column=000000768 Fraction= 3.8% Gflops=5.045e+02
Column=000001024 Fraction= 5.1% Gflops=3.440e+02
Column=000001280 Fraction= 6.4% Gflops=3.869e+02
Column=000001536 Fraction= 7.7% Gflops=4.365e+02
Column=000001792 Fraction= 9.0% Gflops=3.437e+02
Column=000002048 Fraction=10.2% Gflops=3.438e+02
Column=000002304 Fraction=11.5% Gflops=3.399e+02
Column=000002560 Fraction=12.8% Gflops=3.458e+02
Column=000002816 Fraction=14.1% Gflops=3.600e+02
Column=000003072 Fraction=15.4% Gflops=3.461e+02
Column=000003328 Fraction=16.6% Gflops=3.350e+02
Column=000003584 Fraction=17.9% Gflops=3.464e+02
Column=000003840 Fraction=19.2% Gflops=3.437e+02
Column=000004096 Fraction=20.5% Gflops=3.272e+02
Column=000004352 Fraction=21.8% Gflops=3.234e+02
Column=000004608 Fraction=23.0% Gflops=3.240e+02
Column=000004864 Fraction=24.3% Gflops=3.305e+02
Column=000005120 Fraction=25.6% Gflops=3.313e+02
Column=000005376 Fraction=26.9% Gflops=3.285e+02
Column=000005632 Fraction=28.2% Gflops=3.249e+02
Column=000005888 Fraction=29.4% Gflops=3.213e+02
Column=000006144 Fraction=30.7% Gflops=3.263e+02
Column=000006400 Fraction=32.0% Gflops=3.135e+02
Column=000006656 Fraction=33.3% Gflops=3.135e+02
Column=000006912 Fraction=34.6% Gflops=3.132e+02
Column=000007168 Fraction=35.8% Gflops=3.163e+02
Column=000007424 Fraction=37.1% Gflops=3.182e+02
Column=000007680 Fraction=38.4% Gflops=3.138e+02
Column=000007936 Fraction=39.7% Gflops=3.108e+02
Column=000008192 Fraction=41.0% Gflops=3.124e+02
Column=000008448 Fraction=42.2% Gflops=3.104e+02
Column=000008704 Fraction=43.5% Gflops=3.093e+02
Column=000008960 Fraction=44.8% Gflops=3.071e+02
Column=000009216 Fraction=46.1% Gflops=3.033e+02
Column=000009472 Fraction=47.4% Gflops=3.005e+02
Column=000009728 Fraction=48.6% Gflops=3.002e+02
Column=000009984 Fraction=49.9% Gflops=3.020e+02
Column=000010240 Fraction=51.2% Gflops=3.039e+02
Column=000010496 Fraction=52.5% Gflops=3.028e+02
Column=000010752 Fraction=53.8% Gflops=3.011e+02
Column=000011008 Fraction=55.0% Gflops=2.992e+02
Column=000011264 Fraction=56.3% Gflops=2.984e+02
Column=000011520 Fraction=57.6% Gflops=2.982e+02
Column=000011776 Fraction=58.9% Gflops=2.966e+02
Column=000012032 Fraction=60.2% Gflops=2.958e+02
Column=000012288 Fraction=61.4% Gflops=2.939e+02
Column=000012544 Fraction=62.7% Gflops=2.934e+02
Column=000012800 Fraction=64.0% Gflops=2.927e+02
Column=000013056 Fraction=65.3% Gflops=2.918e+02
Column=000013312 Fraction=66.6% Gflops=2.900e+02
Column=000013568 Fraction=67.8% Gflops=2.885e+02
Column=000013824 Fraction=69.1% Gflops=2.875e+02
Column=000014080 Fraction=70.4% Gflops=2.865e+02
Column=000014336 Fraction=71.7% Gflops=2.863e+02
Column=000014592 Fraction=73.0% Gflops=2.853e+02
Column=000014848 Fraction=74.2% Gflops=2.838e+02
Column=000015104 Fraction=75.5% Gflops=2.831e+02
Column=000015360 Fraction=76.8% Gflops=2.834e+02
Column=000015616 Fraction=78.1% Gflops=2.817e+02
Column=000015872 Fraction=79.4% Gflops=2.811e+02
Column=000016128 Fraction=80.6% Gflops=2.804e+02
Column=000016384 Fraction=81.9% Gflops=2.799e+02
Column=000016640 Fraction=83.2% Gflops=2.799e+02
Column=000016896 Fraction=84.5% Gflops=2.792e+02
Column=000017152 Fraction=85.8% Gflops=2.790e+02
Column=000017408 Fraction=87.0% Gflops=2.783e+02
Column=000017664 Fraction=88.3% Gflops=2.780e+02
Column=000017920 Fraction=89.6% Gflops=2.777e+02
Column=000018176 Fraction=90.9% Gflops=2.778e+02
Column=000018432 Fraction=92.2% Gflops=2.774e+02
Column=000018688 Fraction=93.4% Gflops=2.773e+02
Column=000018944 Fraction=94.7% Gflops=2.771e+02
Column=000019200 Fraction=96.0% Gflops=2.771e+02
Column=000019456 Fraction=97.3% Gflops=2.771e+02
Column=000019712 Fraction=98.6% Gflops=2.770e+02
Column=000019968 Fraction=99.8% Gflops=2.770e+02
================================================================================
T/V                N    NB     P     Q               Time                 Gflops
--------------------------------------------------------------------------------
WR11C2R4       20000   256     1     6              19.27             2.7675e+02
HPL_pdgesv() start time Thu Jul  2 17:04:29 2026

HPL_pdgesv() end time   Thu Jul  2 17:04:48 2026

--VVV--VVV--VVV--VVV--VVV--VVV--VVV--VVV--VVV--VVV--VVV--VVV--VVV--VVV--VVV-
Max aggregated wall time rfact . . . :               0.33
+ Max aggregated wall time pfact . . :               0.05
+ Max aggregated wall time mxswp . . :               0.01
Max aggregated wall time update  . . :              19.05
+ Max aggregated wall time laswp . . :               4.91
Max aggregated wall time up tr sv  . :               0.02
--------------------------------------------------------------------------------
||Ax-b||_oo/(eps*(||A||_oo*||x||_oo+||b||_oo)*N)=   3.27668539e-03 ...... PASSED
Column=000000256 Fraction= 1.3% Gflops=6.583e+03
Column=000000512 Fraction= 2.6% Gflops=4.640e+02
Column=000000768 Fraction= 3.8% Gflops=3.961e+02
Column=000001024 Fraction= 5.1% Gflops=3.785e+02
Column=000001280 Fraction= 6.4% Gflops=3.297e+02
Column=000001536 Fraction= 7.7% Gflops=3.528e+02
Column=000001792 Fraction= 9.0% Gflops=3.322e+02
Column=000002048 Fraction=10.2% Gflops=3.335e+02
Column=000002304 Fraction=11.5% Gflops=3.188e+02
Column=000002560 Fraction=12.8% Gflops=3.015e+02
Column=000002816 Fraction=14.1% Gflops=3.089e+02
Column=000003072 Fraction=15.4% Gflops=2.979e+02
Column=000003328 Fraction=16.6% Gflops=2.937e+02
Column=000003584 Fraction=17.9% Gflops=2.935e+02
Column=000003840 Fraction=19.2% Gflops=3.020e+02
Column=000004096 Fraction=20.5% Gflops=2.749e+02
Column=000004352 Fraction=21.8% Gflops=2.781e+02
Column=000004608 Fraction=23.0% Gflops=2.707e+02
Column=000004864 Fraction=24.3% Gflops=2.704e+02
Column=000005120 Fraction=25.6% Gflops=2.734e+02
Column=000005376 Fraction=26.9% Gflops=2.675e+02
Column=000005632 Fraction=28.2% Gflops=2.576e+02
Column=000005888 Fraction=29.4% Gflops=2.617e+02
Column=000006144 Fraction=30.7% Gflops=2.658e+02
Column=000006400 Fraction=32.0% Gflops=2.583e+02
Column=000006656 Fraction=33.3% Gflops=2.564e+02
Column=000006912 Fraction=34.6% Gflops=2.578e+02
Column=000007168 Fraction=35.8% Gflops=2.498e+02
Column=000007424 Fraction=37.1% Gflops=2.507e+02
Column=000007680 Fraction=38.4% Gflops=2.457e+02
Column=000007936 Fraction=39.7% Gflops=2.436e+02
Column=000008192 Fraction=41.0% Gflops=2.450e+02
Column=000008448 Fraction=42.2% Gflops=2.482e+02
Column=000008704 Fraction=43.5% Gflops=2.445e+02
Column=000008960 Fraction=44.8% Gflops=2.414e+02
Column=000009216 Fraction=46.1% Gflops=2.399e+02
Column=000009472 Fraction=47.4% Gflops=2.394e+02
Column=000009728 Fraction=48.6% Gflops=2.416e+02
Column=000009984 Fraction=49.9% Gflops=2.372e+02
Column=000010240 Fraction=51.2% Gflops=2.355e+02
Column=000010496 Fraction=52.5% Gflops=2.362e+02
Column=000010752 Fraction=53.8% Gflops=2.354e+02
Column=000011008 Fraction=55.0% Gflops=2.310e+02
Column=000011264 Fraction=56.3% Gflops=2.320e+02
Column=000011520 Fraction=57.6% Gflops=2.290e+02
Column=000011776 Fraction=58.9% Gflops=2.284e+02
Column=000012032 Fraction=60.2% Gflops=2.287e+02
Column=000012288 Fraction=61.4% Gflops=2.282e+02
Column=000012544 Fraction=62.7% Gflops=2.261e+02
Column=000012800 Fraction=64.0% Gflops=2.266e+02
Column=000013056 Fraction=65.3% Gflops=2.254e+02
Column=000013312 Fraction=66.6% Gflops=2.237e+02
Column=000013568 Fraction=67.8% Gflops=2.233e+02
Column=000013824 Fraction=69.1% Gflops=2.228e+02
Column=000014080 Fraction=70.4% Gflops=2.225e+02
Column=000014336 Fraction=71.7% Gflops=2.220e+02
Column=000014592 Fraction=73.0% Gflops=2.220e+02
Column=000014848 Fraction=74.2% Gflops=2.205e+02
Column=000015104 Fraction=75.5% Gflops=2.201e+02
Column=000015360 Fraction=76.8% Gflops=2.198e+02
Column=000015616 Fraction=78.1% Gflops=2.193e+02
Column=000015872 Fraction=79.4% Gflops=2.191e+02
Column=000016128 Fraction=80.6% Gflops=2.188e+02
Column=000016384 Fraction=81.9% Gflops=2.185e+02
Column=000016640 Fraction=83.2% Gflops=2.184e+02
Column=000016896 Fraction=84.5% Gflops=2.182e+02
Column=000017152 Fraction=85.8% Gflops=2.180e+02
Column=000017408 Fraction=87.0% Gflops=2.179e+02
Column=000017664 Fraction=88.3% Gflops=2.179e+02
Column=000017920 Fraction=89.6% Gflops=2.177e+02
Column=000018176 Fraction=90.9% Gflops=2.177e+02
Column=000018432 Fraction=92.2% Gflops=2.176e+02
Column=000018688 Fraction=93.4% Gflops=2.175e+02
Column=000018944 Fraction=94.7% Gflops=2.175e+02
Column=000019200 Fraction=96.0% Gflops=2.175e+02
Column=000019456 Fraction=97.3% Gflops=2.175e+02
Column=000019712 Fraction=98.6% Gflops=2.174e+02
Column=000019968 Fraction=99.8% Gflops=2.174e+02
================================================================================
T/V                N    NB     P     Q               Time                 Gflops
--------------------------------------------------------------------------------
WR11C2R4       20000   256     2     3              24.55             2.1727e+02
HPL_pdgesv() start time Thu Jul  2 17:04:50 2026

HPL_pdgesv() end time   Thu Jul  2 17:05:15 2026

--VVV--VVV--VVV--VVV--VVV--VVV--VVV--VVV--VVV--VVV--VVV--VVV--VVV--VVV--VVV-
Max aggregated wall time rfact . . . :               0.42
+ Max aggregated wall time pfact . . :               0.21
+ Max aggregated wall time mxswp . . :               0.17
Max aggregated wall time update  . . :              24.16
+ Max aggregated wall time laswp . . :               5.02
Max aggregated wall time up tr sv  . :               0.02
--------------------------------------------------------------------------------
||Ax-b||_oo/(eps*(||A||_oo*||x||_oo+||b||_oo)*N)=   3.32319092e-03 ...... PASSED
Column=000000256 Fraction= 1.3% Gflops=3.322e+03
Column=000000512 Fraction= 2.6% Gflops=8.270e+02
Column=000000768 Fraction= 3.8% Gflops=3.581e+02
Column=000001024 Fraction= 5.1% Gflops=3.613e+02
Column=000001280 Fraction= 6.4% Gflops=3.045e+02
Column=000001536 Fraction= 7.7% Gflops=3.143e+02
Column=000001792 Fraction= 9.0% Gflops=2.729e+02
Column=000002048 Fraction=10.2% Gflops=2.876e+02
Column=000002304 Fraction=11.5% Gflops=2.794e+02
Column=000002560 Fraction=12.8% Gflops=2.660e+02
Column=000002816 Fraction=14.1% Gflops=2.723e+02
Column=000003072 Fraction=15.4% Gflops=2.601e+02
Column=000003328 Fraction=16.6% Gflops=2.569e+02
Column=000003584 Fraction=17.9% Gflops=2.619e+02
Column=000003840 Fraction=19.2% Gflops=2.590e+02
Column=000004096 Fraction=20.5% Gflops=2.564e+02
Column=000004352 Fraction=21.8% Gflops=2.492e+02
Column=000004608 Fraction=23.0% Gflops=2.538e+02
Column=000004864 Fraction=24.3% Gflops=2.455e+02
Column=000005120 Fraction=25.6% Gflops=2.493e+02
Column=000005376 Fraction=26.9% Gflops=2.417e+02
Column=000005632 Fraction=28.2% Gflops=2.421e+02
Column=000005888 Fraction=29.4% Gflops=2.446e+02
Column=000006144 Fraction=30.7% Gflops=2.402e+02
Column=000006400 Fraction=32.0% Gflops=2.418e+02
Column=000006656 Fraction=33.3% Gflops=2.379e+02
Column=000006912 Fraction=34.6% Gflops=2.378e+02
Column=000007168 Fraction=35.8% Gflops=2.394e+02
Column=000007424 Fraction=37.1% Gflops=2.380e+02
Column=000007680 Fraction=38.4% Gflops=2.370e+02
Column=000007936 Fraction=39.7% Gflops=2.335e+02
Column=000008192 Fraction=41.0% Gflops=2.350e+02
Column=000008448 Fraction=42.2% Gflops=2.338e+02
Column=000008704 Fraction=43.5% Gflops=2.314e+02
Column=000008960 Fraction=44.8% Gflops=2.320e+02
Column=000009216 Fraction=46.1% Gflops=2.279e+02
Column=000009472 Fraction=47.4% Gflops=2.277e+02
Column=000009728 Fraction=48.6% Gflops=2.286e+02
Column=000009984 Fraction=49.9% Gflops=2.260e+02
Column=000010240 Fraction=51.2% Gflops=2.270e+02
Column=000010496 Fraction=52.5% Gflops=2.231e+02
Column=000010752 Fraction=53.8% Gflops=2.243e+02
Column=000011008 Fraction=55.0% Gflops=2.206e+02
Column=000011264 Fraction=56.3% Gflops=2.214e+02
Column=000011520 Fraction=57.6% Gflops=2.188e+02
Column=000011776 Fraction=58.9% Gflops=2.189e+02
Column=000012032 Fraction=60.2% Gflops=2.179e+02
Column=000012288 Fraction=61.4% Gflops=2.159e+02
Column=000012544 Fraction=62.7% Gflops=2.163e+02
Column=000012800 Fraction=64.0% Gflops=2.156e+02
Column=000013056 Fraction=65.3% Gflops=2.147e+02
Column=000013312 Fraction=66.6% Gflops=2.131e+02
Column=000013568 Fraction=67.8% Gflops=2.133e+02
Column=000013824 Fraction=69.1% Gflops=2.128e+02
Column=000014080 Fraction=70.4% Gflops=2.114e+02
Column=000014336 Fraction=71.7% Gflops=2.111e+02
Column=000014592 Fraction=73.0% Gflops=2.105e+02
Column=000014848 Fraction=74.2% Gflops=2.101e+02
Column=000015104 Fraction=75.5% Gflops=2.097e+02
Column=000015360 Fraction=76.8% Gflops=2.094e+02
Column=000015616 Fraction=78.1% Gflops=2.090e+02
Column=000015872 Fraction=79.4% Gflops=2.092e+02
Column=000016128 Fraction=80.6% Gflops=2.088e+02
Column=000016384 Fraction=81.9% Gflops=2.087e+02
Column=000016640 Fraction=83.2% Gflops=2.083e+02
Column=000016896 Fraction=84.5% Gflops=2.082e+02
Column=000017152 Fraction=85.8% Gflops=2.079e+02
Column=000017408 Fraction=87.0% Gflops=2.078e+02
Column=000017664 Fraction=88.3% Gflops=2.076e+02
Column=000017920 Fraction=89.6% Gflops=2.076e+02
Column=000018176 Fraction=90.9% Gflops=2.074e+02
Column=000018432 Fraction=92.2% Gflops=2.074e+02
Column=000018688 Fraction=93.4% Gflops=2.073e+02
Column=000018944 Fraction=94.7% Gflops=2.073e+02
Column=000019200 Fraction=96.0% Gflops=2.072e+02
Column=000019456 Fraction=97.3% Gflops=2.072e+02
Column=000019712 Fraction=98.6% Gflops=2.072e+02
Column=000019968 Fraction=99.8% Gflops=2.071e+02
================================================================================
T/V                N    NB     P     Q               Time                 Gflops
--------------------------------------------------------------------------------
WR11C2R4       20000   256     3     2              25.77             2.0700e+02
HPL_pdgesv() start time Thu Jul  2 17:05:17 2026

HPL_pdgesv() end time   Thu Jul  2 17:05:43 2026

--VVV--VVV--VVV--VVV--VVV--VVV--VVV--VVV--VVV--VVV--VVV--VVV--VVV--VVV--VVV-
Max aggregated wall time rfact . . . :               0.64
+ Max aggregated wall time pfact . . :               0.41
+ Max aggregated wall time mxswp . . :               0.36
Max aggregated wall time update  . . :              25.12
+ Max aggregated wall time laswp . . :               8.17
Max aggregated wall time up tr sv  . :               0.02
--------------------------------------------------------------------------------
||Ax-b||_oo/(eps*(||A||_oo*||x||_oo+||b||_oo)*N)=   3.89497306e-03 ...... PASSED
================================================================================

Finished      3 tests with the following results:
              3 tests completed and passed residual checks,
              0 tests completed and failed residual checks,
              0 tests skipped because of illegal input values.
--------------------------------------------------------------------------------

End of Tests.
================================================================================
